Using pre-set license
Built from '2020.3/staging' branch; Version is '2020.3.32f1 (12f8b0834f07) revision 1243312'; Using compiler version '192528614'; Build Type 'Release'
OS: 'Windows 10  (10.0.19045) 64bit Professional' Language: 'en' Physical Memory: 7875 MB
BatchMode: 1, IsHumanControllingUs: 0, StartBugReporterOnCrash: 0, Is64bit: 1, IsPro: 0

COMMAND LINE ARGUMENTS:
C:\Program Files\Unity 2020.3.32f1\Editor\Unity.exe
-adb2
-batchMode
-noUpm
-name
AssetImportWorker0
-projectPath
C:/Users/robert.elliott/Documents/Unity Projects/Submarine_Hartwell/Submarine
-logFile
Logs/AssetImportWorker0.log
-srvPort
62836
Successfully changed project path to: C:/Users/robert.elliott/Documents/Unity Projects/Submarine_Hartwell/Submarine
C:/Users/robert.elliott/Documents/Unity Projects/Submarine_Hartwell/Submarine
Using Asset Import Pipeline V2.
Refreshing native plugins compatible for Editor in 82.46 ms, found 2 plugins.
Preloading 0 native plugins for Editor in 0.00 ms.
Initialize engine version: 2020.3.32f1 (12f8b0834f07)
[Subsystems] Discovering subsystems at path C:/Program Files/Unity 2020.3.32f1/Editor/Data/Resources/UnitySubsystems
[Subsystems] Discovering subsystems at path C:/Users/robert.elliott/Documents/Unity Projects/Submarine_Hartwell/Submarine/Assets
GfxDevice: creating device client; threaded=0
Direct3D:
    Version:  Direct3D 11.0 [level 11.1]
    Renderer: Intel(R) UHD Graphics (ID=0x9b41)
    Vendor:   
    VRAM:     3937 MB
    Driver:   30.0.101.3111
Initialize mono
Mono path[0] = 'C:/Program Files/Unity 2020.3.32f1/Editor/Data/Managed'
Mono path[1] = 'C:/Program Files/Unity 2020.3.32f1/Editor/Data/MonoBleedingEdge/lib/mono/unityjit'
Mono config path = 'C:/Program Files/Unity 2020.3.32f1/Editor/Data/MonoBleedingEdge/etc'
Using monoOptions --debugger-agent=transport=dt_socket,embedding=1,server=y,suspend=n,address=127.0.0.1:56632
Begin MonoManager ReloadAssembly
Registering precompiled unity dll's ...
Register platform support module: C:/Program Files/Unity 2020.3.32f1/Editor/Data/PlaybackEngines/WindowsStandaloneSupport/UnityEditor.WindowsStandalone.Extensions.dll
Registered in 0.003908 seconds.
Native extension for WindowsStandalone target not found
Refreshing native plugins compatible for Editor in 70.59 ms, found 2 plugins.
Preloading 0 native plugins for Editor in 0.00 ms.
Mono: successfully reloaded assembly
- Completed reload, in  1.247 seconds
Domain Reload Profiling:
	ReloadAssembly (1249ms)
		BeginReloadAssembly (157ms)
			ExecutionOrderSort (0ms)
			DisableScriptedObjects (0ms)
			BackupInstance (0ms)
			ReleaseScriptingObjects (0ms)
			CreateAndSetChildDomain (2ms)
		EndReloadAssembly (949ms)
			LoadAssemblies (153ms)
			RebuildTransferFunctionScriptingTraits (1ms)
			SetupTypeCache (297ms)
			ReleaseScriptCaches (0ms)
			RebuildScriptCaches (54ms)
			SetupLoadedEditorAssemblies (331ms)
				LogAssemblyErrors (0ms)
				InitializePlatformSupportModulesInManaged (9ms)
				SetLoadedEditorAssemblies (1ms)
				RefreshPlugins (71ms)
				BeforeProcessingInitializeOnLoad (29ms)
				ProcessInitializeOnLoadAttributes (158ms)
				ProcessInitializeOnLoadMethodAttributes (64ms)
				AfterProcessingInitializeOnLoad (0ms)
				EditorAssembliesLoaded (0ms)
			ExecutionOrderSort2 (0ms)
			AwakeInstancesAfterBackupRestoration (0ms)
Platform modules already initialized, skipping
Registering precompiled user dll's ...
Registered in 0.009109 seconds.
Begin MonoManager ReloadAssembly
Native extension for WindowsStandalone target not found
Refreshing native plugins compatible for Editor in 1.37 ms, found 2 plugins.
Preloading 0 native plugins for Editor in 0.00 ms.
Mono: successfully reloaded assembly
- Completed reload, in  1.800 seconds
Domain Reload Profiling:
	ReloadAssembly (1806ms)
		BeginReloadAssembly (252ms)
			ExecutionOrderSort (0ms)
			DisableScriptedObjects (8ms)
			BackupInstance (0ms)
			ReleaseScriptingObjects (0ms)
			CreateAndSetChildDomain (30ms)
		EndReloadAssembly (1440ms)
			LoadAssemblies (172ms)
			RebuildTransferFunctionScriptingTraits (0ms)
			SetupTypeCache (505ms)
			ReleaseScriptCaches (1ms)
			RebuildScriptCaches (82ms)
			SetupLoadedEditorAssemblies (519ms)
				LogAssemblyErrors (0ms)
				InitializePlatformSupportModulesInManaged (8ms)
				SetLoadedEditorAssemblies (1ms)
				RefreshPlugins (2ms)
				BeforeProcessingInitializeOnLoad (136ms)
				ProcessInitializeOnLoadAttributes (341ms)
				ProcessInitializeOnLoadMethodAttributes (19ms)
				AfterProcessingInitializeOnLoad (10ms)
				EditorAssembliesLoaded (0ms)
			ExecutionOrderSort2 (0ms)
			AwakeInstancesAfterBackupRestoration (12ms)
Platform modules already initialized, skipping
========================================================================
Worker process is ready to serve import requests
Launched and connected shader compiler UnityShaderCompiler.exe after 0.07 seconds
Refreshing native plugins compatible for Editor in 0.46 ms, found 2 plugins.
Preloading 0 native plugins for Editor in 0.00 ms.
Unloading 1646 Unused Serialized files (Serialized files now loaded: 0)
System memory in use before: 167.9 MB.
System memory in use after: 167.7 MB.

Unloading 17 unused Assets to reduce memory usage. Loaded Objects now: 2107.
Total: 6.128100 ms (FindLiveObjects: 0.214800 ms CreateObjectMapping: 0.085400 ms MarkObjects: 4.989200 ms  DeleteObjects: 0.835000 ms)

AssetImportParameters requested are different than current active one (requested -> active):
  custom:framework-win-MediaFoundation: 216162199b28c13a410421893ffa2e32 -> 
  custom:video-decoder-ogg-theora: a1e56fd34408186e4bbccfd4996cb3dc -> 
  custom:container-muxer-webm: aa71ff27fc2769a1b78a27578f13a17b -> 
  custom:container-demuxer-webm: 4f35f7cbe854078d1ac9338744f61a02 -> 
  custom:container-demuxer-ogg: 62fdf1f143b41e24485cea50d1cbac27 -> 
  custom:video-encoder-webm-vp8: eb34c28f22e8b96e1ab97ce403110664 -> 
  custom:video-codec-MediaFoundation-h265: 746d11721c4dcdbdad8f713fa42b33f4 -> 
  custom:video-decoder-webm-vp8: 9c59270c3fd7afecdb556c50c9e8de78 -> 
  custom:audio-decoder-ogg-vorbis: bf7c407c2cedff20999df2af8eb42d56 -> 
  custom:audio-encoder-webm-vorbis: bf7c407c2cedff20999df2af8eb42d56 -> 
========================================================================
Received Import Request.
  path: Assets/Models/Sub Explorer
  artifactKey: Guid(1885dc6ae2d9f524289da847137882fb) Importer(815301076,1909f56bfc062723c751e8b465ee728b)
Start importing Assets/Models/Sub Explorer using Guid(1885dc6ae2d9f524289da847137882fb) Importer(815301076,1909f56bfc062723c751e8b465ee728b)  -> (artifact id: '6dfd88b85fe5e0cd9c503ee29048563b') in 0.018038 seconds 
========================================================================
Received Import Request.
  Time since last request: 0.000599 seconds.
  path: Assets/Models/Sub Explorer/Underwater.mat
  artifactKey: Guid(fdbd01253e8ecba418cf39daa8a76554) Importer(815301076,1909f56bfc062723c751e8b465ee728b)
Start importing Assets/Models/Sub Explorer/Underwater.mat using Guid(fdbd01253e8ecba418cf39daa8a76554) Importer(815301076,1909f56bfc062723c751e8b465ee728b)  -> (artifact id: '417ae7b13e99ddf85e0d0822c289dc91') in 0.233944 seconds 
========================================================================
Received Import Request.
  Time since last request: 0.000284 seconds.
  path: Assets/Models/Sub Explorer/Panel 2.mat
  artifactKey: Guid(d811eb40b959c0e4da6594ae5ccaab9c) Importer(815301076,1909f56bfc062723c751e8b465ee728b)
Start importing Assets/Models/Sub Explorer/Panel 2.mat using Guid(d811eb40b959c0e4da6594ae5ccaab9c) Importer(815301076,1909f56bfc062723c751e8b465ee728b)  -> (artifact id: 'ed4523b47bd284cfcf98aa9c2bab7d17') in 0.035521 seconds 
========================================================================
Received Import Request.
  Time since last request: 0.000352 seconds.
  path: Assets/Models/Sub Explorer/Sub Reference 2.jpg
  artifactKey: Guid(9346185fa1690fb429cf136e73f650f3) Importer(815301076,1909f56bfc062723c751e8b465ee728b)
Start importing Assets/Models/Sub Explorer/Sub Reference 2.jpg using Guid(9346185fa1690fb429cf136e73f650f3) Importer(815301076,1909f56bfc062723c751e8b465ee728b)  -> (artifact id: '9bda4b15a0f09621870a5d4662922187') in 0.063267 seconds 
========================================================================
Received Import Request.
  Time since last request: 0.000381 seconds.
  path: Assets/Models
  artifactKey: Guid(de224c53a258332439cc446614aaa22c) Importer(815301076,1909f56bfc062723c751e8b465ee728b)
Start importing Assets/Models using Guid(de224c53a258332439cc446614aaa22c) Importer(815301076,1909f56bfc062723c751e8b465ee728b)  -> (artifact id: 'e7aea188c0545301e37ece8fe3fe3885') in 0.023650 seconds 
========================================================================
Received Import Request.
  Time since last request: 0.000675 seconds.
  path: Assets/Models/Sub Explorer/Sub Explorer.fbx
  artifactKey: Guid(0dc5afe32b3ebac4095271f4d0ac15c2) Importer(815301076,1909f56bfc062723c751e8b465ee728b)
Start importing Assets/Models/Sub Explorer/Sub Explorer.fbx using Guid(0dc5afe32b3ebac4095271f4d0ac15c2) Importer(815301076,1909f56bfc062723c751e8b465ee728b)  -> (artifact id: '7993f7a3106fca7f85f5be949de72974') in 0.224358 seconds 
========================================================================
Received Import Request.
  Time since last request: 0.000352 seconds.
  path: Assets/Models/Sub Explorer/Sub Reference.jpg
  artifactKey: Guid(49aa5a609b1401e429d9410fb92fd9d7) Importer(815301076,1909f56bfc062723c751e8b465ee728b)
Start importing Assets/Models/Sub Explorer/Sub Reference.jpg using Guid(49aa5a609b1401e429d9410fb92fd9d7) Importer(815301076,1909f56bfc062723c751e8b465ee728b)  -> (artifact id: '73fad21d836ef59cb4fde7f8c8852ef9') in 0.031172 seconds 
========================================================================
Received Import Request.
  Time since last request: 0.000606 seconds.
  path: Assets/Models/Sub Explorer/Panel.mat
  artifactKey: Guid(9eeabc4d82dadc441966bb0a59fb32a7) Importer(815301076,1909f56bfc062723c751e8b465ee728b)
Start importing Assets/Models/Sub Explorer/Panel.mat using Guid(9eeabc4d82dadc441966bb0a59fb32a7) Importer(815301076,1909f56bfc062723c751e8b465ee728b)  -> (artifact id: '53f871b1ed92df46ce5729e16d722348') in 0.058398 seconds 
========================================================================
Received Import Request.
  Time since last request: 68.494843 seconds.
  path: Assets/Models/Sub Explorer/OldIron01_1K_BaseColor.png
  artifactKey: Guid(ba0e55f606d42ba45b543e736143477a) Importer(815301076,1909f56bfc062723c751e8b465ee728b)
Start importing Assets/Models/Sub Explorer/OldIron01_1K_BaseColor.png using Guid(ba0e55f606d42ba45b543e736143477a) Importer(815301076,1909f56bfc062723c751e8b465ee728b)  -> (artifact id: 'c3a4a5c3afd30b609b96e48a86006fc1') in 0.125009 seconds 
========================================================================
Received Import Request.
  Time since last request: 0.001052 seconds.
  path: Assets/Models/Sub Explorer/Sub 3rd Person.fbx
  artifactKey: Guid(a655417abdaace64db5248256e1e6fbb) Importer(815301076,1909f56bfc062723c751e8b465ee728b)
Start importing Assets/Models/Sub Explorer/Sub 3rd Person.fbx using Guid(a655417abdaace64db5248256e1e6fbb) Importer(815301076,1909f56bfc062723c751e8b465ee728b)  -> (artifact id: '26ac2c4d42f56d1db65572ce206069f0') in 0.282239 seconds 
========================================================================
Received Import Request.
  Time since last request: 524.042692 seconds.
  path: Assets/Models/Sub Explorer/Sub 3rd Person (1) Variant.prefab
  artifactKey: Guid(e082d8ca3fd44914d9bd08b6c1c15cf0) Importer(815301076,1909f56bfc062723c751e8b465ee728b)
Start importing Assets/Models/Sub Explorer/Sub 3rd Person (1) Variant.prefab using Guid(e082d8ca3fd44914d9bd08b6c1c15cf0) Importer(815301076,1909f56bfc062723c751e8b465ee728b)  -> (artifact id: '586c1acff05ad028c4bdc9ccc6ab5eb2') in 0.036861 seconds 
========================================================================
Received Prepare
Registering precompiled user dll's ...
Registered in 0.006427 seconds.
Begin MonoManager ReloadAssembly
Native extension for WindowsStandalone target not found
Refreshing native plugins compatible for Editor in 0.83 ms, found 2 plugins.
Preloading 0 native plugins for Editor in 0.00 ms.
Mono: successfully reloaded assembly
- Completed reload, in  1.295 seconds
Domain Reload Profiling:
	ReloadAssembly (1296ms)
		BeginReloadAssembly (164ms)
			ExecutionOrderSort (0ms)
			DisableScriptedObjects (6ms)
			BackupInstance (0ms)
			ReleaseScriptingObjects (0ms)
			CreateAndSetChildDomain (54ms)
		EndReloadAssembly (1042ms)
			LoadAssemblies (138ms)
			RebuildTransferFunctionScriptingTraits (0ms)
			SetupTypeCache (385ms)
			ReleaseScriptCaches (1ms)
			RebuildScriptCaches (45ms)
			SetupLoadedEditorAssemblies (368ms)
				LogAssemblyErrors (0ms)
				InitializePlatformSupportModulesInManaged (7ms)
				SetLoadedEditorAssemblies (1ms)
				RefreshPlugins (1ms)
				BeforeProcessingInitializeOnLoad (105ms)
				ProcessInitializeOnLoadAttributes (236ms)
				ProcessInitializeOnLoadMethodAttributes (9ms)
				AfterProcessingInitializeOnLoad (7ms)
				EditorAssembliesLoaded (1ms)
			ExecutionOrderSort2 (0ms)
			AwakeInstancesAfterBackupRestoration (8ms)
Platform modules already initialized, skipping
Refreshing native plugins compatible for Editor in 0.96 ms, found 2 plugins.
Preloading 0 native plugins for Editor in 0.00 ms.
Unloading 1619 Unused Serialized files (Serialized files now loaded: 0)
System memory in use before: 169.2 MB.
System memory in use after: 169.0 MB.

Unloading 13 unused Assets to reduce memory usage. Loaded Objects now: 2155.
Total: 3.970800 ms (FindLiveObjects: 0.188500 ms CreateObjectMapping: 0.063800 ms MarkObjects: 3.388200 ms  DeleteObjects: 0.329000 ms)

AssetImportParameters requested are different than current active one (requested -> active):
  custom:framework-win-MediaFoundation: 216162199b28c13a410421893ffa2e32 -> 
  custom:video-decoder-ogg-theora: a1e56fd34408186e4bbccfd4996cb3dc -> 
  custom:container-muxer-webm: aa71ff27fc2769a1b78a27578f13a17b -> 
  custom:container-demuxer-webm: 4f35f7cbe854078d1ac9338744f61a02 -> 
  custom:container-demuxer-ogg: 62fdf1f143b41e24485cea50d1cbac27 -> 
  custom:video-encoder-webm-vp8: eb34c28f22e8b96e1ab97ce403110664 -> 
  custom:video-codec-MediaFoundation-h265: 746d11721c4dcdbdad8f713fa42b33f4 -> 
  custom:video-decoder-webm-vp8: 9c59270c3fd7afecdb556c50c9e8de78 -> 
  custom:audio-decoder-ogg-vorbis: bf7c407c2cedff20999df2af8eb42d56 -> 
  custom:audio-encoder-webm-vorbis: bf7c407c2cedff20999df2af8eb42d56 -> 
========================================================================
Received Import Request.
  Time since last request: 51.726327 seconds.
  path: Assets/Models/Sub Explorer/Sub 3rd Person (1) Variant.prefab
  artifactKey: Guid(e082d8ca3fd44914d9bd08b6c1c15cf0) Importer(815301076,1909f56bfc062723c751e8b465ee728b)
Start importing Assets/Models/Sub Explorer/Sub 3rd Person (1) Variant.prefab using Guid(e082d8ca3fd44914d9bd08b6c1c15cf0) Importer(815301076,1909f56bfc062723c751e8b465ee728b)  -> (artifact id: 'd79821619731070bdfb6e37a44b0f403') in 0.103558 seconds 
========================================================================
Received Prepare
Registering precompiled user dll's ...
Registered in 0.046449 seconds.
Begin MonoManager ReloadAssembly
Native extension for WindowsStandalone target not found
Refreshing native plugins compatible for Editor in 0.73 ms, found 2 plugins.
Preloading 0 native plugins for Editor in 0.00 ms.
Mono: successfully reloaded assembly
- Completed reload, in  2.375 seconds
Domain Reload Profiling:
	ReloadAssembly (2376ms)
		BeginReloadAssembly (384ms)
			ExecutionOrderSort (0ms)
			DisableScriptedObjects (10ms)
			BackupInstance (0ms)
			ReleaseScriptingObjects (0ms)
			CreateAndSetChildDomain (142ms)
		EndReloadAssembly (1663ms)
			LoadAssemblies (273ms)
			RebuildTransferFunctionScriptingTraits (0ms)
			SetupTypeCache (627ms)
			ReleaseScriptCaches (2ms)
			RebuildScriptCaches (89ms)
			SetupLoadedEditorAssemblies (559ms)
				LogAssemblyErrors (0ms)
				InitializePlatformSupportModulesInManaged (15ms)
				SetLoadedEditorAssemblies (1ms)
				RefreshPlugins (1ms)
				BeforeProcessingInitializeOnLoad (139ms)
				ProcessInitializeOnLoadAttributes (377ms)
				ProcessInitializeOnLoadMethodAttributes (15ms)
				AfterProcessingInitializeOnLoad (11ms)
				EditorAssembliesLoaded (0ms)
			ExecutionOrderSort2 (0ms)
			AwakeInstancesAfterBackupRestoration (15ms)
Platform modules already initialized, skipping
Refreshing native plugins compatible for Editor in 10.21 ms, found 2 plugins.
Preloading 0 native plugins for Editor in 0.00 ms.
Unloading 1619 Unused Serialized files (Serialized files now loaded: 0)
System memory in use before: 169.2 MB.
System memory in use after: 169.0 MB.

Unloading 12 unused Assets to reduce memory usage. Loaded Objects now: 2159.
Total: 22.485600 ms (FindLiveObjects: 1.677600 ms CreateObjectMapping: 11.418800 ms MarkObjects: 8.459700 ms  DeleteObjects: 0.927300 ms)

AssetImportParameters requested are different than current active one (requested -> active):
  custom:framework-win-MediaFoundation: 216162199b28c13a410421893ffa2e32 -> 
  custom:video-decoder-ogg-theora: a1e56fd34408186e4bbccfd4996cb3dc -> 
  custom:container-muxer-webm: aa71ff27fc2769a1b78a27578f13a17b -> 
  custom:container-demuxer-webm: 4f35f7cbe854078d1ac9338744f61a02 -> 
  custom:container-demuxer-ogg: 62fdf1f143b41e24485cea50d1cbac27 -> 
  custom:video-encoder-webm-vp8: eb34c28f22e8b96e1ab97ce403110664 -> 
  custom:video-codec-MediaFoundation-h265: 746d11721c4dcdbdad8f713fa42b33f4 -> 
  custom:video-decoder-webm-vp8: 9c59270c3fd7afecdb556c50c9e8de78 -> 
  custom:audio-decoder-ogg-vorbis: bf7c407c2cedff20999df2af8eb42d56 -> 
  custom:audio-encoder-webm-vorbis: bf7c407c2cedff20999df2af8eb42d56 -> 
========================================================================
Received Import Request.
  Time since last request: 241.514302 seconds.
  path: Assets/Models/Sub Explorer/Sub 3rd Person (1) Variant.prefab
  artifactKey: Guid(e082d8ca3fd44914d9bd08b6c1c15cf0) Importer(815301076,1909f56bfc062723c751e8b465ee728b)
Start importing Assets/Models/Sub Explorer/Sub 3rd Person (1) Variant.prefab using Guid(e082d8ca3fd44914d9bd08b6c1c15cf0) Importer(815301076,1909f56bfc062723c751e8b465ee728b)  -> (artifact id: '1934fe5aedfe93df02b057f654fa7c22') in 0.379178 seconds 
========================================================================
Received Import Request.
  Time since last request: 0.000626 seconds.
  path: Assets/Models/Sub Explorer/Sub 3rd Person.fbx
  artifactKey: Guid(a655417abdaace64db5248256e1e6fbb) Importer(815301076,1909f56bfc062723c751e8b465ee728b)
Start importing Assets/Models/Sub Explorer/Sub 3rd Person.fbx using Guid(a655417abdaace64db5248256e1e6fbb) Importer(815301076,1909f56bfc062723c751e8b465ee728b)  -> (artifact id: '961695cba7b344632023daaa61d678f9') in 0.175617 seconds 
AssetImportWorkerClient::OnTransportError - code=2 error=End of file
